<?xml version="1.0" encoding="UTF-8"?>
<!-- Generated by org.testng.reporters.JUnitXMLReporter -->
<testsuite hostname="mohit-PC" ignored="2" name="Property_Test" tests="9" failures="0" timestamp="11 Mar 2018 02:57:08 GMT" time="0.112" errors="0">
  <testcase name="auto" time="0.009" classname="Test_NG_Package2.Test_NG_Class21"/>
  <testcase name="boat" time="0.002" classname="Test_NG_Package2.Test_NG_Class21"/>
  <testcase name="condiminium" time="0.003" classname="Test_NG_Package1.Test_NG_Class11"/>
  <testcase name="renters" time="0.003" classname="Test_NG_Package1.Test_NG_Class11"/>
  <testcase name="condiminium" time="0.002" classname="Test_NG_Package1.Test_NG_Class12"/>
  <testcase name="renters" time="0.002" classname="Test_NG_Package1.Test_NG_Class12"/>
  <testcase name="condiminium" time="0.002" classname="Test_NG_Package1.Test_NG_Class13"/>
  <testcase name="homeOwners" time="0.002" classname="Test_NG_Package1.Test_NG_Class13"/>
  <testcase name="renters" time="0.002" classname="Test_NG_Package1.Test_NG_Class13"/>
  <testcase name="homeOwners" time="0.0" classname="Test_NG_Package1.Test_NG_Class11">
    <ignored/>
  </testcase> <!-- homeOwners -->
  <testcase name="homeOwners" time="0.0" classname="Test_NG_Package1.Test_NG_Class12">
    <ignored/>
  </testcase> <!-- homeOwners -->
</testsuite> <!-- Property_Test -->
