<?xml version="1.0" encoding="UTF-8"?>
<!-- Generated by org.testng.reporters.JUnitXMLReporter -->
<testsuite hostname="mohit-PC" ignored="1" name="Smoke_Test" tests="1" failures="1" timestamp="22 Dec 2018 09:11:24 GMT" time="0.051" errors="0">
  <testcase name="auto" time="0.014" classname="Test_NG_Package2.Test_NG_Class21">
    <failure type="java.lang.Error" message="Unresolved compilation problems: 
	WebDriver cannot be resolved to a type
	Syntax error, insert &amp;quot;( )&amp;quot; to complete Expression
	Syntax error, insert &amp;quot;;&amp;quot; to complete LocalVariableDeclarationStatement
	C cannot be resolved to a type
">
      <![CDATA[java.lang.Error: Unresolved compilation problems: 
WebDriver cannot be resolved to a type
Syntax error, insert "( )" to complete Expression
Syntax error, insert ";" to complete LocalVariableDeclarationStatement
C cannot be resolved to a type

at Test_NG_Package2.Test_NG_Class21.auto(Test_NG_Class21.java:18)
... Removed 25 stack frames]]>
    </failure>
  </testcase> <!-- auto -->
  <testcase name="boat" time="0.0" classname="Test_NG_Package2.Test_NG_Class21">
    <ignored/>
  </testcase> <!-- boat -->
</testsuite> <!-- Smoke_Test -->
