<?xml version="1.0" encoding="UTF-8"?>
<!-- Generated by org.testng.reporters.JUnitXMLReporter -->
<testsuite hostname="mohit-PC" ignored="0" name="Test" tests="9" failures="0" timestamp="11 Mar 2018 02:26:49 GMT" time="0.124" errors="0">
  <testcase name="condiminium" time="0.021" classname="Test_NG_Package1.Test_NG_Class11"/>
  <testcase name="homeOwners" time="0.003" classname="Test_NG_Package1.Test_NG_Class11"/>
  <testcase name="renters" time="0.003" classname="Test_NG_Package1.Test_NG_Class11"/>
  <testcase name="condiminium" time="0.003" classname="Test_NG_Package1.Test_NG_Class12"/>
  <testcase name="homeOwners" time="0.003" classname="Test_NG_Package1.Test_NG_Class12"/>
  <testcase name="renters" time="0.003" classname="Test_NG_Package1.Test_NG_Class12"/>
  <testcase name="condiminium" time="0.002" classname="Test_NG_Package1.Test_NG_Class13"/>
  <testcase name="homeOwners" time="0.002" classname="Test_NG_Package1.Test_NG_Class13"/>
  <testcase name="renters" time="0.004" classname="Test_NG_Package1.Test_NG_Class13"/>
</testsuite> <!-- Test -->
