<?xml version="1.0" encoding="UTF-8"?>
<testng-results skipped="0" failed="0" total="1" passed="1">
  <reporter-output>
  </reporter-output>
  <suite name="Property_And_Auto_And_Boat" duration-ms="27814" started-at="2018-12-23T21:17:27Z" finished-at="2018-12-23T21:17:55Z">
    <groups>
      <group name="smoke">
        <method signature="Test_NG_Class21.auto()[pri:0, instance:Test_NG_Package2.Test_NG_Class21@7d299b]" name="auto" class="Test_NG_Package2.Test_NG_Class21"/>
      </group> <!-- smoke -->
    </groups>
    <test name="Auto_Boat" duration-ms="27814" started-at="2018-12-23T21:17:27Z" finished-at="2018-12-23T21:17:55Z">
      <class name="Test_NG_Package2.Test_NG_Class21">
        <test-method status="PASS" signature="auto()[pri:0, instance:Test_NG_Package2.Test_NG_Class21@7d299b]" name="auto" duration-ms="27798" started-at="2018-12-24T02:47:27Z" finished-at="2018-12-24T02:47:55Z">
          <reporter-output>
          </reporter-output>
        </test-method> <!-- auto -->
      </class> <!-- Test_NG_Package2.Test_NG_Class21 -->
    </test> <!-- Auto_Boat -->
  </suite> <!-- Property_And_Auto_And_Boat -->
</testng-results>
